<?xml version="1.0" encoding="UTF-8"?>
<!-- Generated by org.testng.reporters.JUnitXMLReporter -->
<testsuite hostname="asd1538po01976" tests="10" failures="0" timestamp="30 Jun 2016 12:28:15 GMT" time="42.663" errors="0">
  <testcase name="testBingTranslator" time="4.577" classname="bingtest"/>
  <testcase name="testBingTranslator" time="3.87" classname="bingtest"/>
  <testcase name="testBingTranslator" time="3.794" classname="bingtest"/>
  <testcase name="testBingTranslator" time="3.715" classname="bingtest"/>
  <testcase name="testBingTranslator" time="3.788" classname="bingtest"/>
  <testcase name="testBingTranslator" time="3.753" classname="bingtest"/>
  <testcase name="testBingTranslator" time="3.806" classname="bingtest"/>
  <testcase name="testBingTranslator" time="3.804" classname="bingtest"/>
  <testcase name="testBingTranslator" time="3.78" classname="bingtest"/>
  <testcase name="testBingTranslator" time="3.847" classname="bingtest"/>
</testsuite>
